<?xml version="1.0" encoding="UTF-8"?>
<!-- Generated by org.testng.reporters.JUnitXMLReporter -->
<testsuite ignored="0" hostname="WIN-GE900IP5KFS" failures="0" tests="3" name="Default test" time="0.053" errors="0" timestamp="2023-06-16T12:15:08 EDT">
  <testcase classname="myTestSeleniumPackage.DataProviderExampleClass" name="sampleTest" time="0.007"/>
  <testcase classname="myTestSeleniumPackage.DataProviderExampleClass" name="sampleTest" time="0.0"/>
  <testcase classname="myTestSeleniumPackage.DataProviderExampleClass" name="sampleTest" time="0.0"/>
</testsuite> <!-- Default test -->
